<?xml version="1.0" encoding="UTF-8"?>
<!-- Generated by org.testng.reporters.JUnitReportReporter -->
<testsuite hostname="DESKTOP-SBLFK3K" failures="0" tests="1" name="practiceTestNG.InvoiceTest2" time="0.018" errors="0" timestamp="2024-05-07T14:26:50 IST" skipped="0">
  <testcase classname="practiceTestNG.InvoiceTest2" name="activateSim" time="0.018"/>
</testsuite> <!-- practiceTestNG.InvoiceTest2 -->
