<?xml version="1.0" encoding="UTF-8"?>
<!-- Generated by org.testng.reporters.JUnitReportReporter -->
<testsuite hostname="DESKTOP-SBLFK3K" failures="0" tests="1" name="com.comcast.crm.contacttest.CreateContactWithOrgTest" time="33.005" errors="0" timestamp="2024-05-03T10:53:22 IST" skipped="0">
  <testcase classname="com.comcast.crm.contacttest.CreateContactWithOrgTest" name="createContactWithOrgTest" time="33.005"/>
</testsuite> <!-- com.comcast.crm.contacttest.CreateContactWithOrgTest -->
