<?xml version="1.0" encoding="UTF-8"?>
<!-- Generated by org.testng.reporters.JUnitReportReporter -->
<testsuite hostname="DESKTOP-SBLFK3K" failures="0" tests="2" name="practiceTestNG.SampleReportTest" time="9.797" errors="0" timestamp="2024-05-09T16:02:57 IST" skipped="0">
  <testcase classname="practiceTestNG.SampleReportTest" name="createContactWithOrgTest" time="3.588"/>
  <testcase classname="practiceTestNG.SampleReportTest" name="createContactTest" time="6.209"/>
</testsuite> <!-- practiceTestNG.SampleReportTest -->
