<?xml version="1.0" encoding="UTF-8"?>
<!-- Generated by org.testng.reporters.JUnitReportReporter -->
<testsuite hostname="DESKTOP-SBLFK3K" failures="0" tests="1" name="com.comcast.crm.contacttest.createcontactWithSupportDateTest" time="24.429" errors="0" timestamp="2024-05-03T11:28:10 IST" skipped="0">
  <testcase classname="com.comcast.crm.contacttest.createcontactWithSupportDateTest" name="createcontactWithSupportDateTest" time="24.429"/>
</testsuite> <!-- com.comcast.crm.contacttest.createcontactWithSupportDateTest -->
