<?xml version="1.0" encoding="UTF-8"?>
<!-- Generated by org.testng.reporters.JUnitReportReporter -->
<testsuite hostname="DESKTOP-SBLFK3K" failures="0" tests="1" name="com.comcast.crm.orgtest.CreateorgWithPhonenumberTest" time="18.371" errors="0" timestamp="2024-05-03T11:16:49 IST" skipped="0">
  <testcase classname="com.comcast.crm.orgtest.CreateorgWithPhonenumberTest" name="phonenumbertest" time="18.371"/>
</testsuite> <!-- com.comcast.crm.orgtest.CreateorgWithPhonenumberTest -->
