<?xml version="1.0" encoding="UTF-8"?>
<!-- Generated by org.testng.reporters.JUnitReportReporter -->
<testsuite hostname="DESKTOP-SBLFK3K" failures="0" tests="1" name="com.comcast.crm.contacttest.CreateContactTest" time="34.010" errors="0" timestamp="2024-05-03T10:44:12 IST" skipped="0">
  <testcase classname="com.comcast.crm.contacttest.CreateContactTest" name="createContactTest" time="34.010"/>
</testsuite> <!-- com.comcast.crm.contacttest.CreateContactTest -->
