<?xml version="1.0" encoding="UTF-8"?>
<!-- Generated by org.testng.reporters.JUnitReportReporter -->
<testsuite hostname="DESKTOP-SBLFK3K" failures="0" tests="1" name="com.comcast.crm.basetest.orgTest" time="61.666" errors="0" timestamp="2024-05-09T15:16:47 IST" skipped="0">
  <testcase classname="com.comcast.crm.basetest.orgTest" name="createOrgTest" time="61.666"/>
</testsuite> <!-- com.comcast.crm.basetest.orgTest -->
