<?xml version="1.0" encoding="UTF-8"?>
<!-- Generated by org.testng.reporters.JUnitReportReporter -->
<testsuite hostname="DESKTOP-SBLFK3K" failures="0" tests="1" name="com.comcast.crm.orgtest.CreateOrganizationTest" time="19.062" errors="0" timestamp="2024-05-03T10:54:25 IST" skipped="0">
  <testcase classname="com.comcast.crm.orgtest.CreateOrganizationTest" name="createOrgTest" time="19.062"/>
</testsuite> <!-- com.comcast.crm.orgtest.CreateOrganizationTest -->
