<?xml version="1.0" encoding="UTF-8"?>
<!-- Generated by org.testng.reporters.JUnitReportReporter -->
<testsuite hostname="DESKTOP-SBLFK3K" failures="0" tests="3" name="practiceTestNG.GetProductInfoTest2" time="45.924" errors="0" timestamp="2024-05-01T13:20:00 IST" skipped="0">
  <testcase classname="practiceTestNG.GetProductInfoTest2" name="getProductInfoTest" time="14.219"/>
  <testcase classname="practiceTestNG.GetProductInfoTest2" name="getProductInfoTest" time="14.346"/>
  <testcase classname="practiceTestNG.GetProductInfoTest2" name="getProductInfoTest" time="17.359"/>
</testsuite> <!-- practiceTestNG.GetProductInfoTest2 -->
